rescue
watchdog
watchdog-modules
i18n
crypt
dm
kernel-modules
kernel-modules-extra
pcmcia
hwdb
rootfs-block
terminfo
udev-rules
usrmount
base
fs-lib
shutdown
rescue
watchdog
watchdog-modules
i18n
crypt
dm
kernel-modules
kernel-modules-extra
pcmcia
hwdb
rootfs-block
terminfo
udev-rules
usrmount
base
fs-lib
shutdown
rescue
watchdog
watchdog-modules
i18n
crypt
dm
kernel-modules
kernel-modules-extra
pcmcia
fstab-sys
hwdb
rootfs-block
terminfo
udev-rules
usrmount
base
fs-lib
shutdown
rescue
watchdog
watchdog-modules
i18n
crypt
dm
kernel-modules
kernel-modules-extra
pcmcia
fstab-sys
hwdb
rootfs-block
terminfo
udev-rules
usrmount
base
fs-lib
shutdown
rescue
watchdog
watchdog-modules
i18n
crypt
dm
kernel-modules
kernel-modules-extra
pcmcia
fstab-sys
hwdb
rootfs-block
terminfo
udev-rules
usrmount
base
fs-lib
shutdown
rescue
watchdog
watchdog-modules
i18n
crypt
dm
kernel-modules
kernel-modules-extra
pcmcia
fstab-sys
hwdb
rootfs-block
terminfo
udev-rules
usrmount
base
fs-lib
shutdown
rescue
watchdog
watchdog-modules
i18n
crypt
dm
kernel-modules
kernel-modules-extra
pcmcia
fstab-sys
hwdb
rootfs-block
terminfo
udev-rules
usrmount
base
fs-lib
shutdown
rescue
watchdog
watchdog-modules
i18n
crypt
dm
